Using pre-set license
Built from '2020.2/release' branch; Version is '2020.2.2f1 (068178b99f32) revision 426360'; Using compiler version '192528614'; Build Type 'Release'
OS: 'Windows 10 Home; OS build 19041.746; Version 2004; 64bit' Language: 'en' Physical Memory: 16234 MB
BatchMode: 1, IsHumanControllingUs: 0, StartBugReporterOnCrash: 0, Is64bit: 1, IsPro: 0

 COMMAND LINE ARGUMENTS:
D:\Unity\2020.2.2f1\Editor\Unity.exe
-adb2
-batchMode
-noUpm
-name
AssetImportWorker0
-projectPath
D:/Unity/Projects/WebGameProgramming_GroupGame/Mr. Soldier
-logFile
Logs/AssetImportWorker0.log
-srvPort
50635
Successfully changed project path to: D:/Unity/Projects/WebGameProgramming_GroupGame/Mr. Soldier
D:/Unity/Projects/WebGameProgramming_GroupGame/Mr. Soldier
Using Asset Import Pipeline V2.
Refreshing native plugins compatible for Editor in 29.03 ms, found 0 plugins.
Preloading 0 native plugins for Editor in 0.00 ms.
Initialize engine version: 2020.2.2f1 (068178b99f32)
[Subsystems] Discovering subsystems at path D:/Unity/2020.2.2f1/Editor/Data/Resources/UnitySubsystems
[Subsystems] Discovering subsystems at path D:/Unity/Projects/WebGameProgramming_GroupGame/Mr. Soldier/Assets
GfxDevice: creating device client; threaded=0
Direct3D:
    Version:  Direct3D 11.0 [level 11.1]
    Renderer: NVIDIA GeForce GTX 1050 Ti (ID=0x1c8c)
    Vendor:   
    VRAM:     4018 MB
    Driver:   27.21.14.5167
Initialize mono
Mono path[0] = 'D:/Unity/2020.2.2f1/Editor/Data/Managed'
Mono path[1] = 'D:/Unity/2020.2.2f1/Editor/Data/MonoBleedingEdge/lib/mono/unityjit'
Mono config path = 'D:/Unity/2020.2.2f1/Editor/Data/MonoBleedingEdge/etc'
Using monoOptions --debugger-agent=transport=dt_socket,embedding=1,server=y,suspend=n,address=127.0.0.1:56132
Begin MonoManager ReloadAssembly
Registering precompiled unity dll's ...
Register platform support module: D:/Unity/2020.2.2f1/Editor/Data/PlaybackEngines/WebGLSupport/UnityEditor.WebGL.Extensions.dll
Register platform support module: D:/Unity/2020.2.2f1/Editor/Data/PlaybackEngines/WindowsStandaloneSupport/UnityEditor.WindowsStandalone.Extensions.dll
Registered in 0.001210 seconds.
Native extension for WindowsStandalone target not found
Native extension for WebGL target not found
Refreshing native plugins compatible for Editor in 30.16 ms, found 0 plugins.
Preloading 0 native plugins for Editor in 0.00 ms.
Invoked RoslynAnalysisRunner static constructor.
RoslynAnalysisRunner will not be running.
RoslynAnalysisRunner has terminated.
Mono: successfully reloaded assembly
- Completed reload, in  1.532 seconds
Platform modules already initialized, skipping
Registering precompiled user dll's ...
Registered in 0.000788 seconds.
Begin MonoManager ReloadAssembly
Symbol file data-0000024C7BA21020 doesn't match image D:\Unity\Projects\WebGameProgramming_GroupGame\Mr. Soldier\Library\ScriptAssemblies\UnityEngine.TestRunner.dll
Symbol file LoadedFromMemory is not a mono symbol file
Native extension for WindowsStandalone target not found
Native extension for WebGL target not found
Refreshing native plugins compatible for Editor in 0.24 ms, found 0 plugins.
Preloading 0 native plugins for Editor in 0.00 ms.
Invoked RoslynAnalysisRunner static constructor.
RoslynAnalysisRunner will not be running.
RoslynAnalysisRunner has terminated.
Mono: successfully reloaded assembly
- Completed reload, in  0.847 seconds
Platform modules already initialized, skipping
========================================================================
Worker process is ready to serve import requests
Launched and connected shader compiler UnityShaderCompiler.exe after 0.06 seconds
Refreshing native plugins compatible for Editor in 0.22 ms, found 0 plugins.
Preloading 0 native plugins for Editor in 0.00 ms.
Unloading 1151 Unused Serialized files (Serialized files now loaded: 0)
System memory in use before: 76.1 MB.
System memory in use after: 76.1 MB.

Unloading 10 unused Assets to reduce memory usage. Loaded Objects now: 1610.
Total: 1.840600 ms (FindLiveObjects: 0.159700 ms CreateObjectMapping: 0.047100 ms MarkObjects: 1.543800 ms  DeleteObjects: 0.088400 ms)

========================================================================
Received Import Request.
  path: Assets/Scenes/Level01.unity
  artifactKey: Guid(9fc0d4010bbf28b4594072e72b8655ab) Importer(815301076,1909f56bfc062723c751e8b465ee728b)
Start importing Assets/Scenes/Level01.unity using Guid(9fc0d4010bbf28b4594072e72b8655ab) Importer(815301076,1909f56bfc062723c751e8b465ee728b)  -> (artifact id: '99d58ff12cd2e2d966a1f91686e8d55b') in 0.043194 seconds
  Import took 0.067623 seconds .

========================================================================
Received Import Request.
  Time since last request: 13.327760 seconds.
  path: Assets/Prefabs/Soldier.prefab
  artifactKey: Guid(8c67bdf55f4da8c42b5e0bacfbb4cf9e) Importer(815301076,1909f56bfc062723c751e8b465ee728b)
Start importing Assets/Prefabs/Soldier.prefab using Guid(8c67bdf55f4da8c42b5e0bacfbb4cf9e) Importer(815301076,1909f56bfc062723c751e8b465ee728b)  -> (artifact id: 'a8e1df1162158be57cb0ebbcaf9d2643') in 0.328543 seconds
  Import took 0.331782 seconds .

========================================================================
Received Import Request.
  Time since last request: 2.116993 seconds.
  path: Assets/Prefabs/Soldier.prefab
  artifactKey: Guid(8c67bdf55f4da8c42b5e0bacfbb4cf9e) Importer(815301076,1909f56bfc062723c751e8b465ee728b)
Start importing Assets/Prefabs/Soldier.prefab using Guid(8c67bdf55f4da8c42b5e0bacfbb4cf9e) Importer(815301076,1909f56bfc062723c751e8b465ee728b)  -> (artifact id: '73fe6b94020e79aafc85d0e548e8ebd6') in 0.160170 seconds
  Import took 0.164374 seconds .

========================================================================
Received Import Request.
  Time since last request: 21.865559 seconds.
  path: Assets/Prefabs/Soldier.prefab
  artifactKey: Guid(8c67bdf55f4da8c42b5e0bacfbb4cf9e) Importer(815301076,1909f56bfc062723c751e8b465ee728b)
Start importing Assets/Prefabs/Soldier.prefab using Guid(8c67bdf55f4da8c42b5e0bacfbb4cf9e) Importer(815301076,1909f56bfc062723c751e8b465ee728b)  -> (artifact id: '72bc9badbefd9150d79f14d5d0b6dec8') in 0.156917 seconds
  Import took 0.162421 seconds .

========================================================================
Received Import Request.
  Time since last request: 4.876153 seconds.
  path: Assets/Prefabs/Soldier.prefab
  artifactKey: Guid(8c67bdf55f4da8c42b5e0bacfbb4cf9e) Importer(815301076,1909f56bfc062723c751e8b465ee728b)
Start importing Assets/Prefabs/Soldier.prefab using Guid(8c67bdf55f4da8c42b5e0bacfbb4cf9e) Importer(815301076,1909f56bfc062723c751e8b465ee728b)  -> (artifact id: '2c6e30732246f6d031d2963529a31b0a') in 0.167381 seconds
  Import took 0.170492 seconds .

========================================================================
Received Import Request.
  Time since last request: 19.430495 seconds.
  path: Assets/Materials
  artifactKey: Guid(47959921573d0ad43bb4ea7e9dd8a1b2) Importer(815301076,1909f56bfc062723c751e8b465ee728b)
Start importing Assets/Materials using Guid(47959921573d0ad43bb4ea7e9dd8a1b2) Importer(815301076,1909f56bfc062723c751e8b465ee728b)  -> (artifact id: '7fd5452028505a450299954c4928e7da') in 0.013879 seconds
  Import took 0.017631 seconds .

========================================================================
Received Import Request.
  Time since last request: 8.655384 seconds.
  path: Assets/Materials/EnemyMarker.mat
  artifactKey: Guid(b124db63e55d13d49a36bed2efe2f4bb) Importer(815301076,1909f56bfc062723c751e8b465ee728b)
Start importing Assets/Materials/EnemyMarker.mat using Guid(b124db63e55d13d49a36bed2efe2f4bb) Importer(815301076,1909f56bfc062723c751e8b465ee728b)  -> (artifact id: '52593cb9753d95544176083fff9f6d6f') in 0.058619 seconds
  Import took 0.074550 seconds .

========================================================================
Received Import Request.
  Time since last request: 0.000287 seconds.
  path: Assets/Materials/PlayerMarker.mat
  artifactKey: Guid(c5dfce51b3fb46a4b93cd8b9149498ce) Importer(815301076,1909f56bfc062723c751e8b465ee728b)
Start importing Assets/Materials/PlayerMarker.mat using Guid(c5dfce51b3fb46a4b93cd8b9149498ce) Importer(815301076,1909f56bfc062723c751e8b465ee728b)  -> (artifact id: '9bc15573031d14d61167f7f8a18629c0') in 0.014623 seconds
  Import took 0.016292 seconds .

========================================================================
Received Import Request.
  Time since last request: 63.940547 seconds.
  path: Assets/Materials/EnemyMaterial.mat
  artifactKey: Guid(b850b322a73f8f442979e6dfd1a86f3e) Importer(815301076,1909f56bfc062723c751e8b465ee728b)
Start importing Assets/Materials/EnemyMaterial.mat using Guid(b850b322a73f8f442979e6dfd1a86f3e) Importer(815301076,1909f56bfc062723c751e8b465ee728b)  -> (artifact id: '5ed189e24d182c5572d7a5858e4ec153') in 0.036887 seconds
  Import took 0.045635 seconds .

========================================================================
Received Import Request.
  Time since last request: 27.234784 seconds.
  path: Assets/Texture
  artifactKey: Guid(15c05325370fd4649bc3b138f3f688af) Importer(815301076,1909f56bfc062723c751e8b465ee728b)
Start importing Assets/Texture using Guid(15c05325370fd4649bc3b138f3f688af) Importer(815301076,1909f56bfc062723c751e8b465ee728b)  -> (artifact id: '56703f148fd380ac93de00024a8d9315') in 0.012932 seconds
  Import took 0.016865 seconds .

========================================================================
Received Import Request.
  Time since last request: 0.003333 seconds.
  path: Assets/Texture
  artifactKey: Guid(15c05325370fd4649bc3b138f3f688af) Importer(815301076,1909f56bfc062723c751e8b465ee728b)
Start importing Assets/Texture using Guid(15c05325370fd4649bc3b138f3f688af) Importer(815301076,1909f56bfc062723c751e8b465ee728b)  -> (artifact id: '56703f148fd380ac93de00024a8d9315') in 0.004729 seconds
  Import took 0.007849 seconds .

========================================================================
Received Import Request.
  Time since last request: 10.683471 seconds.
  path: Assets/Texture/BorderTexture.png
  artifactKey: Guid(dc52bcc941331b34f916545af693c72b) Importer(815301076,1909f56bfc062723c751e8b465ee728b)
Start importing Assets/Texture/BorderTexture.png using Guid(dc52bcc941331b34f916545af693c72b) Importer(815301076,1909f56bfc062723c751e8b465ee728b)  -> (artifact id: '35e8acf365a9694246e373844beec29c') in 0.027955 seconds
  Import took 0.030072 seconds .

========================================================================
Received Import Request.
  Time since last request: 0.000343 seconds.
  path: Assets/Texture/PlayerMarker.png
  artifactKey: Guid(8a1ffe1f62e6b9549b1057f34061e506) Importer(815301076,1909f56bfc062723c751e8b465ee728b)
Start importing Assets/Texture/PlayerMarker.png using Guid(8a1ffe1f62e6b9549b1057f34061e506) Importer(815301076,1909f56bfc062723c751e8b465ee728b)  -> (artifact id: '520ae8c3c3e01044cdaf28afab39a213') in 0.010785 seconds
  Import took 0.014940 seconds .

========================================================================
Received Import Request.
  Time since last request: 0.000437 seconds.
  path: Assets/Texture/MiniMapTexture.renderTexture
  artifactKey: Guid(19b8ee8902243c04fb140ecd3e4e2935) Importer(815301076,1909f56bfc062723c751e8b465ee728b)
Start importing Assets/Texture/MiniMapTexture.renderTexture using Guid(19b8ee8902243c04fb140ecd3e4e2935) Importer(815301076,1909f56bfc062723c751e8b465ee728b)  -> (artifact id: 'ef6118d62d17ac48a27749843642a6c9') in 0.017327 seconds
  Import took 0.021719 seconds .

========================================================================
Received Import Request.
  Time since last request: 0.000268 seconds.
  path: Assets/Texture/MiniMaskTexture.png
  artifactKey: Guid(b934a30154ed6bc4abdb726699ed339e) Importer(815301076,1909f56bfc062723c751e8b465ee728b)
Start importing Assets/Texture/MiniMaskTexture.png using Guid(b934a30154ed6bc4abdb726699ed339e) Importer(815301076,1909f56bfc062723c751e8b465ee728b)  -> (artifact id: 'e5985bbd916cdde5359618c792e58df6') in 0.008959 seconds
  Import took 0.024864 seconds .

========================================================================
Received Import Request.
  Time since last request: 0.000322 seconds.
  path: Assets/Texture/EnemyMarker.png
  artifactKey: Guid(c0a1496383a5dbb408d47e3c3ac71f8c) Importer(815301076,1909f56bfc062723c751e8b465ee728b)
Start importing Assets/Texture/EnemyMarker.png using Guid(c0a1496383a5dbb408d47e3c3ac71f8c) Importer(815301076,1909f56bfc062723c751e8b465ee728b)  -> (artifact id: '3eb7298d66ef4b5ec288a24ed132ddcb') in 0.007790 seconds
  Import took 0.009551 seconds .

========================================================================
Received Import Request.
  Time since last request: 5.290746 seconds.
  path: Assets/TextMesh Pro/Examples & Extras/Sprites/Default Sprites.png
  artifactKey: Guid(a0fc465d6cf04254a2938578735e2383) Importer(815301076,1909f56bfc062723c751e8b465ee728b)
Start importing Assets/TextMesh Pro/Examples & Extras/Sprites/Default Sprites.png using Guid(a0fc465d6cf04254a2938578735e2383) Importer(815301076,1909f56bfc062723c751e8b465ee728b)  -> (artifact id: '98f52c1f5b4995d8214faff0c78b71b5') in 0.084957 seconds
  Import took 0.087531 seconds .

========================================================================
Received Import Request.
  Time since last request: 0.000428 seconds.
  path: Assets/TextMesh Pro/Examples & Extras/Sprites/DropCap Numbers.psd
  artifactKey: Guid(fd09957580ac4326916010f1f260975b) Importer(815301076,1909f56bfc062723c751e8b465ee728b)
Start importing Assets/TextMesh Pro/Examples & Extras/Sprites/DropCap Numbers.psd using Guid(fd09957580ac4326916010f1f260975b) Importer(815301076,1909f56bfc062723c751e8b465ee728b)  -> (artifact id: 'a948230959008e3c6cb9c7afc846959d') in 0.074806 seconds
  Import took 0.077393 seconds .

========================================================================
Received Import Request.
  Time since last request: 0.000431 seconds.
  path: Assets/TextMesh Pro/Examples & Extras/Textures/Mask Zig-n-Zag.psd
  artifactKey: Guid(bb8dfcd263ad4eb383a33d74a720be6f) Importer(815301076,1909f56bfc062723c751e8b465ee728b)
Start importing Assets/TextMesh Pro/Examples & Extras/Textures/Mask Zig-n-Zag.psd using Guid(bb8dfcd263ad4eb383a33d74a720be6f) Importer(815301076,1909f56bfc062723c751e8b465ee728b)  -> (artifact id: '84894351fc3b9754b40e4fcb6047672b') in 0.061446 seconds
  Import took 0.064190 seconds .

========================================================================
Received Import Request.
  Time since last request: 0.000335 seconds.
  path: Assets/TextMesh Pro/Examples & Extras/Textures/Gradient Vertical (Color).jpg
  artifactKey: Guid(03d0538de6e24c0f819bfc9ce084dfa9) Importer(815301076,1909f56bfc062723c751e8b465ee728b)
Start importing Assets/TextMesh Pro/Examples & Extras/Textures/Gradient Vertical (Color).jpg using Guid(03d0538de6e24c0f819bfc9ce084dfa9) Importer(815301076,1909f56bfc062723c751e8b465ee728b)  -> (artifact id: 'c67552aa4cb416f9c41dcbcc7908f997') in 0.044106 seconds
  Import took 0.047000 seconds .

========================================================================
Received Import Request.
  Time since last request: 0.000328 seconds.
  path: Assets/TextMesh Pro/Examples & Extras/Textures/Gradient Horizontal (Color).jpg
  artifactKey: Guid(6eb184de103d4b3f812b38561065192f) Importer(815301076,1909f56bfc062723c751e8b465ee728b)
Start importing Assets/TextMesh Pro/Examples & Extras/Textures/Gradient Horizontal (Color).jpg using Guid(6eb184de103d4b3f812b38561065192f) Importer(815301076,1909f56bfc062723c751e8b465ee728b)  -> (artifact id: '9ccf97db754cf6ba2cfb29ec82e97e99') in 0.026181 seconds
  Import took 0.028129 seconds .

========================================================================
Received Import Request.
  Time since last request: 0.000327 seconds.
  path: Assets/TextMesh Pro/Examples & Extras/Textures/Gradient Diagonal (Color).jpg
  artifactKey: Guid(2ce5c55e85304b819a1826ecbc839aa5) Importer(815301076,1909f56bfc062723c751e8b465ee728b)
Start importing Assets/TextMesh Pro/Examples & Extras/Textures/Gradient Diagonal (Color).jpg using Guid(2ce5c55e85304b819a1826ecbc839aa5) Importer(815301076,1909f56bfc062723c751e8b465ee728b)  -> (artifact id: '28e613c9542feccace2da935891d6ea7') in 0.087628 seconds
  Import took 0.089590 seconds .

========================================================================
Received Import Request.
  Time since last request: 0.000361 seconds.
  path: Assets/TextMesh Pro/Sprites/EmojiOne.png
  artifactKey: Guid(dffef66376be4fa480fb02b19edbe903) Importer(815301076,1909f56bfc062723c751e8b465ee728b)
Start importing Assets/TextMesh Pro/Sprites/EmojiOne.png using Guid(dffef66376be4fa480fb02b19edbe903) Importer(815301076,1909f56bfc062723c751e8b465ee728b)  -> (artifact id: '7e98874547cee0bfd5fd228e861fd5b4') in 0.065853 seconds
  Import took 0.068155 seconds .

========================================================================
Received Import Request.
  Time since last request: 0.000300 seconds.
  path: Assets/TextMesh Pro/Examples & Extras/Textures/Fruit Jelly (B&W).jpg
  artifactKey: Guid(1cdc5b506b1a4a33a53c30669ced1f51) Importer(815301076,1909f56bfc062723c751e8b465ee728b)
Start importing Assets/TextMesh Pro/Examples & Extras/Textures/Fruit Jelly (B&W).jpg using Guid(1cdc5b506b1a4a33a53c30669ced1f51) Importer(815301076,1909f56bfc062723c751e8b465ee728b)  -> (artifact id: 'b11fb5fe74fb7b647b4e85568190d74e') in 0.097782 seconds
  Import took 0.100177 seconds .

========================================================================
Received Import Request.
  Time since last request: 0.000326 seconds.
  path: Assets/TextMesh Pro/Examples & Extras/Textures/Small Crate_normal.jpg
  artifactKey: Guid(8878a782f4334ecbbcf683b3ac780966) Importer(815301076,1909f56bfc062723c751e8b465ee728b)
Start importing Assets/TextMesh Pro/Examples & Extras/Textures/Small Crate_normal.jpg using Guid(8878a782f4334ecbbcf683b3ac780966) Importer(815301076,1909f56bfc062723c751e8b465ee728b)  -> (artifact id: 'eb119e8e16f95427b7e3c8ac0c84f87b') in 0.078270 seconds
  Import took 0.080544 seconds .

========================================================================
Received Import Request.
  Time since last request: 0.000289 seconds.
  path: Assets/TextMesh Pro/Examples & Extras/Textures/Small Crate_diffuse.jpg
  artifactKey: Guid(602cb87b6a29443b8636370ea0751574) Importer(815301076,1909f56bfc062723c751e8b465ee728b)
Start importing Assets/TextMesh Pro/Examples & Extras/Textures/Small Crate_diffuse.jpg using Guid(602cb87b6a29443b8636370ea0751574) Importer(815301076,1909f56bfc062723c751e8b465ee728b)  -> (artifact id: 'ac135e464569ac7f886b7f0574d2770f') in 0.053430 seconds
  Import took 0.055838 seconds .

========================================================================
Received Import Request.
  Time since last request: 0.000225 seconds.
  path: Assets/TextMesh Pro/Examples & Extras/Textures/Wipe Pattern - Radial Quad.psd
  artifactKey: Guid(2b5e9ae96c5644d8bae932f8b4ca68a2) Importer(815301076,1909f56bfc062723c751e8b465ee728b)
Start importing Assets/TextMesh Pro/Examples & Extras/Textures/Wipe Pattern - Radial Quad.psd using Guid(2b5e9ae96c5644d8bae932f8b4ca68a2) Importer(815301076,1909f56bfc062723c751e8b465ee728b)  -> (artifact id: 'd0a7f73498006617590f762cf0b0e69c') in 0.064445 seconds
  Import took 0.067154 seconds .

========================================================================
Received Import Request.
  Time since last request: 0.000350 seconds.
  path: Assets/TextMesh Pro/Examples & Extras/Textures/Wipe Pattern - Circle.psd
  artifactKey: Guid(10c49fcd9c64421db7c0133e61e55f97) Importer(815301076,1909f56bfc062723c751e8b465ee728b)
Start importing Assets/TextMesh Pro/Examples & Extras/Textures/Wipe Pattern - Circle.psd using Guid(10c49fcd9c64421db7c0133e61e55f97) Importer(815301076,1909f56bfc062723c751e8b465ee728b)  -> (artifact id: '84d423f4a97990edd5235c9cc255ef22') in 0.043914 seconds
  Import took 0.047109 seconds .

========================================================================
Received Import Request.
  Time since last request: 0.000534 seconds.
  path: Assets/TextMesh Pro/Examples & Extras/Textures/Text Overflow - Linked Text Image 1.png
  artifactKey: Guid(4ccf43d26c4748c792174516f4a8fcef) Importer(815301076,1909f56bfc062723c751e8b465ee728b)
Start importing Assets/TextMesh Pro/Examples & Extras/Textures/Text Overflow - Linked Text Image 1.png using Guid(4ccf43d26c4748c792174516f4a8fcef) Importer(815301076,1909f56bfc062723c751e8b465ee728b)  -> (artifact id: '9c889a079a4fda6c386d6e51bd3040fe') in 0.026995 seconds
  Import took 0.030312 seconds .

========================================================================
Received Import Request.
  Time since last request: 0.000246 seconds.
  path: Assets/TextMesh Pro/Examples & Extras/Textures/Sunny Days - Seamless.jpg
  artifactKey: Guid(17c350171f7a3ca479f830547c66d187) Importer(815301076,1909f56bfc062723c751e8b465ee728b)
Start importing Assets/TextMesh Pro/Examples & Extras/Textures/Sunny Days - Seamless.jpg using Guid(17c350171f7a3ca479f830547c66d187) Importer(815301076,1909f56bfc062723c751e8b465ee728b)  -> (artifact id: '1916505b3054ab8a15a1b5ff9c1130c9') in 0.042231 seconds
  Import took 0.044163 seconds .

========================================================================
Received Import Request.
  Time since last request: 0.000229 seconds.
  path: Assets/TextMesh Pro/Examples & Extras/Textures/Wipe Pattern - Diagonal.psd
  artifactKey: Guid(ed5290d8df18488780e2996b9b882f01) Importer(815301076,1909f56bfc062723c751e8b465ee728b)
Start importing Assets/TextMesh Pro/Examples & Extras/Textures/Wipe Pattern - Diagonal.psd using Guid(ed5290d8df18488780e2996b9b882f01) Importer(815301076,1909f56bfc062723c751e8b465ee728b)  -> (artifact id: '469c559a85663f8e08d48493325dd2c5') in 0.027137 seconds
  Import took 0.029588 seconds .

========================================================================
Received Import Request.
  Time since last request: 0.000305 seconds.
  path: Assets/TextMesh Pro/Examples & Extras/Textures/Floor Tiles 1 - diffuse.jpg
  artifactKey: Guid(85ac55597b97403c82fc6601a93cf241) Importer(815301076,1909f56bfc062723c751e8b465ee728b)
Start importing Assets/TextMesh Pro/Examples & Extras/Textures/Floor Tiles 1 - diffuse.jpg using Guid(85ac55597b97403c82fc6601a93cf241) Importer(815301076,1909f56bfc062723c751e8b465ee728b)  -> (artifact id: 'e9de3bfed6bc5f5aa1262a27a34ae851') in 0.032596 seconds
  Import took 0.036296 seconds .

========================================================================
Received Import Request.
  Time since last request: 0.000392 seconds.
  path: Assets/TextMesh Pro/Examples & Extras/Textures/Text Overflow - Linked Text UI Screenshot.png
  artifactKey: Guid(c76d18757a194d618355f05f815cb0a1) Importer(815301076,1909f56bfc062723c751e8b465ee728b)
Start importing Assets/TextMesh Pro/Examples & Extras/Textures/Text Overflow - Linked Text UI Screenshot.png using Guid(c76d18757a194d618355f05f815cb0a1) Importer(815301076,1909f56bfc062723c751e8b465ee728b)  -> (artifact id: '0c9a9f10ba5aae0fe70d954abd442b82') in 0.067572 seconds
  Import took 0.069505 seconds .

========================================================================
Received Import Request.
  Time since last request: 0.000219 seconds.
  path: Assets/TextMesh Pro/Examples & Extras/Textures/Floor Cement.jpg
  artifactKey: Guid(283f897e4925411ebbaa758b4cb13fc2) Importer(815301076,1909f56bfc062723c751e8b465ee728b)
Start importing Assets/TextMesh Pro/Examples & Extras/Textures/Floor Cement.jpg using Guid(283f897e4925411ebbaa758b4cb13fc2) Importer(815301076,1909f56bfc062723c751e8b465ee728b)  -> (artifact id: '72cb1c94f1632a8fe03103cf197b25f1') in 0.021492 seconds
  Import took 0.024278 seconds .

========================================================================
Received Import Request.
  Time since last request: 0.000296 seconds.
  path: Assets/TextMesh Pro/Examples & Extras/Textures/Wipe Pattern - Radial Double.psd
  artifactKey: Guid(7631f4eff8f74ed38eb3eb9db17134e1) Importer(815301076,1909f56bfc062723c751e8b465ee728b)
Start importing Assets/TextMesh Pro/Examples & Extras/Textures/Wipe Pattern - Radial Double.psd using Guid(7631f4eff8f74ed38eb3eb9db17134e1) Importer(815301076,1909f56bfc062723c751e8b465ee728b)  -> (artifact id: '4270ae06d6d1fcbd587acf20ed1bc0dd') in 0.033100 seconds
  Import took 0.036158 seconds .

========================================================================
Received Import Request.
  Time since last request: 241.101099 seconds.
  path: ProjectSettings/TagManager.asset
  artifactKey: Guid(00000000000000003000000000000000) Importer(815301076,1909f56bfc062723c751e8b465ee728b)
Start importing ProjectSettings/TagManager.asset using Guid(00000000000000003000000000000000) Importer(815301076,1909f56bfc062723c751e8b465ee728b)  -> (artifact id: 'aee3c747adf603bcd2f9230725edd105') in 0.008271 seconds
  Import took 0.011200 seconds .

========================================================================
Received Import Request.
  Time since last request: 0.001929 seconds.
  path: ProjectSettings/TagManager.asset
  artifactKey: Guid(00000000000000003000000000000000) Importer(815301076,1909f56bfc062723c751e8b465ee728b)
Start importing ProjectSettings/TagManager.asset using Guid(00000000000000003000000000000000) Importer(815301076,1909f56bfc062723c751e8b465ee728b)  -> (artifact id: 'aee3c747adf603bcd2f9230725edd105') in 0.002090 seconds
  Import took 0.004075 seconds .

========================================================================
Received Import Request.
  Time since last request: 7.024185 seconds.
  path: ProjectSettings/TagManager.asset
  artifactKey: Guid(00000000000000003000000000000000) Importer(815301076,1909f56bfc062723c751e8b465ee728b)
Start importing ProjectSettings/TagManager.asset using Guid(00000000000000003000000000000000) Importer(815301076,1909f56bfc062723c751e8b465ee728b)  -> (artifact id: '5f64182eae5ef778c22e8202201ffeb8') in 0.003763 seconds
  Import took 0.006960 seconds .

========================================================================
Received Import Request.
  Time since last request: 409.018495 seconds.
  path: Assets/Texture/BorderTexture.png
  artifactKey: Guid(dc52bcc941331b34f916545af693c72b) Importer(815301076,1909f56bfc062723c751e8b465ee728b)
Start importing Assets/Texture/BorderTexture.png using Guid(dc52bcc941331b34f916545af693c72b) Importer(815301076,1909f56bfc062723c751e8b465ee728b)  -> (artifact id: '6481d55f2e610414371b6d8f50636d15') in 0.020830 seconds
  Import took 0.023166 seconds .

========================================================================
Received Import Request.
  Time since last request: 0.000279 seconds.
  path: Assets/Texture/PlayerMarker.png
  artifactKey: Guid(8a1ffe1f62e6b9549b1057f34061e506) Importer(815301076,1909f56bfc062723c751e8b465ee728b)
Start importing Assets/Texture/PlayerMarker.png using Guid(8a1ffe1f62e6b9549b1057f34061e506) Importer(815301076,1909f56bfc062723c751e8b465ee728b)  -> (artifact id: '1c5bb2fd0d5420d8b8f89def46b5ceab') in 0.027002 seconds
  Import took 0.030950 seconds .

========================================================================
Received Import Request.
  Time since last request: 0.000458 seconds.
  path: Assets/Texture/MiniMaskTexture.png
  artifactKey: Guid(b934a30154ed6bc4abdb726699ed339e) Importer(815301076,1909f56bfc062723c751e8b465ee728b)
Start importing Assets/Texture/MiniMaskTexture.png using Guid(b934a30154ed6bc4abdb726699ed339e) Importer(815301076,1909f56bfc062723c751e8b465ee728b)  -> (artifact id: '04e8a911a5cd01d622b96351c207c650') in 0.013900 seconds
  Import took 0.017399 seconds .

========================================================================
Received Import Request.
  Time since last request: 0.000271 seconds.
  path: Assets/Texture/EnemyMarker.png
  artifactKey: Guid(c0a1496383a5dbb408d47e3c3ac71f8c) Importer(815301076,1909f56bfc062723c751e8b465ee728b)
Start importing Assets/Texture/EnemyMarker.png using Guid(c0a1496383a5dbb408d47e3c3ac71f8c) Importer(815301076,1909f56bfc062723c751e8b465ee728b)  -> (artifact id: 'f77a9e00511890ad5e06f3380ef5b98c') in 0.013739 seconds
  Import took 0.015863 seconds .

========================================================================
Received Prepare
Registering precompiled user dll's ...
Registered in 0.000527 seconds.
Begin MonoManager ReloadAssembly
Symbol file data-0000024C75F5DEB0 doesn't match image D:\Unity\Projects\WebGameProgramming_GroupGame\Mr. Soldier\Library\ScriptAssemblies\UnityEngine.TestRunner.dll
Symbol file LoadedFromMemory is not a mono symbol file
Native extension for WindowsStandalone target not found
Native extension for WebGL target not found
Refreshing native plugins compatible for Editor in 0.28 ms, found 0 plugins.
Preloading 0 native plugins for Editor in 0.00 ms.
Invoked RoslynAnalysisRunner static constructor.
RoslynAnalysisRunner will not be running.
RoslynAnalysisRunner has terminated.
Mono: successfully reloaded assembly
- Completed reload, in  0.775 seconds
Platform modules already initialized, skipping
Refreshing native plugins compatible for Editor in 0.43 ms, found 0 plugins.
Preloading 0 native plugins for Editor in 0.00 ms.
Unloading 1133 Unused Serialized files (Serialized files now loaded: 0)
System memory in use before: 90.1 MB.
System memory in use after: 90.1 MB.

Unloading 9 unused Assets to reduce memory usage. Loaded Objects now: 1666.
Total: 1.640600 ms (FindLiveObjects: 0.138900 ms CreateObjectMapping: 0.032300 ms MarkObjects: 1.415000 ms  DeleteObjects: 0.053700 ms)

========================================================================
Received Prepare
Registering precompiled user dll's ...
Registered in 0.000594 seconds.
Begin MonoManager ReloadAssembly
Symbol file data-0000024C75E5AA20 doesn't match image D:\Unity\Projects\WebGameProgramming_GroupGame\Mr. Soldier\Library\ScriptAssemblies\UnityEngine.TestRunner.dll
Symbol file LoadedFromMemory is not a mono symbol file
Native extension for WindowsStandalone target not found
Native extension for WebGL target not found
Refreshing native plugins compatible for Editor in 0.25 ms, found 0 plugins.
Preloading 0 native plugins for Editor in 0.00 ms.
Invoked RoslynAnalysisRunner static constructor.
RoslynAnalysisRunner will not be running.
RoslynAnalysisRunner has terminated.
Mono: successfully reloaded assembly
- Completed reload, in  0.803 seconds
Platform modules already initialized, skipping
Refreshing native plugins compatible for Editor in 0.24 ms, found 0 plugins.
Preloading 0 native plugins for Editor in 0.00 ms.
Unloading 1133 Unused Serialized files (Serialized files now loaded: 0)
System memory in use before: 90.2 MB.
System memory in use after: 90.2 MB.

Unloading 5 unused Assets to reduce memory usage. Loaded Objects now: 1668.
Total: 2.538500 ms (FindLiveObjects: 0.240100 ms CreateObjectMapping: 0.042800 ms MarkObjects: 2.158500 ms  DeleteObjects: 0.095200 ms)

========================================================================
Received Import Request.
  Time since last request: 1572.026166 seconds.
  path: Assets/Prefabs/Soldier.prefab
  artifactKey: Guid(8c67bdf55f4da8c42b5e0bacfbb4cf9e) Importer(815301076,1909f56bfc062723c751e8b465ee728b)
Start importing Assets/Prefabs/Soldier.prefab using Guid(8c67bdf55f4da8c42b5e0bacfbb4cf9e) Importer(815301076,1909f56bfc062723c751e8b465ee728b)  -> (artifact id: '24decbf950ffe14cb846f954af5d32d6') in 0.203768 seconds
  Import took 0.207530 seconds .

========================================================================
Received Import Request.
  Time since last request: 1241.147428 seconds.
  path: ProjectSettings/TagManager.asset
  artifactKey: Guid(00000000000000003000000000000000) Importer(815301076,1909f56bfc062723c751e8b465ee728b)
Start importing ProjectSettings/TagManager.asset using Guid(00000000000000003000000000000000) Importer(815301076,1909f56bfc062723c751e8b465ee728b)  -> (artifact id: 'cc01ca4aacb4a2028e581a60710657e1') in 0.008311 seconds
  Import took 0.011518 seconds .

AssetImportWorkerClient::OnTransportError - code=2 error=End of file
